<?xml version="1.0" encoding="UTF-8"?>
<testng-results skipped="0" failed="0" total="2" passed="2">
  <reporter-output>
  </reporter-output>
  <suite name="Default suite" duration-ms="8249" started-at="2020-09-01T15:45:15Z" finished-at="2020-09-01T15:45:23Z">
    <groups>
    </groups>
    <test name="Default test" duration-ms="8249" started-at="2020-09-01T15:45:15Z" finished-at="2020-09-01T15:45:23Z">
      <class name="Runner.run">
        <test-method status="PASS" signature="beforeMethod()[pri:0, instance:Runner.run@1d057a39]" name="beforeMethod" is-config="true" duration-ms="14" started-at="2020-09-01T21:15:15Z" finished-at="2020-09-01T21:15:15Z">
          <reporter-output>
          </reporter-output>
        </test-method> <!-- beforeMethod -->
        <test-method status="PASS" signature="f()[pri:0, instance:Runner.run@1d057a39]" name="f" duration-ms="7799" started-at="2020-09-01T21:15:15Z" finished-at="2020-09-01T21:15:23Z">
          <reporter-output>
          </reporter-output>
        </test-method> <!-- f -->
        <test-method status="PASS" signature="g()[pri:0, instance:Runner.run@1d057a39]" name="g" duration-ms="421" started-at="2020-09-01T21:15:23Z" finished-at="2020-09-01T21:15:23Z">
          <reporter-output>
          </reporter-output>
        </test-method> <!-- g -->
        <test-method status="PASS" signature="afterSuite()[pri:0, instance:Runner.run@1d057a39]" name="afterSuite" is-config="true" duration-ms="3" started-at="2020-09-01T21:15:23Z" finished-at="2020-09-01T21:15:23Z">
          <reporter-output>
          </reporter-output>
        </test-method> <!-- afterSuite -->
      </class> <!-- Runner.run -->
    </test> <!-- Default test -->
  </suite> <!-- Default suite -->
</testng-results>
